May 27 11:45:40 ubuntu.local ticky: INFO Created ticket [#1234] (user)
Jun 1 11:06:48 ubuntu.local ticky: ERROR ah sh, here we go again (username)
Jun 1 11:06:48 ubuntu.local agaef eddy Connection to DB failed (name)
Jun 1 11:06:48 ubuntu.local ticky: ERROR aaaaaaaaaaa (name)
Jun 1 11:06:48 ubuntu.local ticky: ERROR Connection to DB bad (user)
Jun 1 11:06:48 ubuntu.local ticky: ERROR Connection to tacos failed (name)
Jun 1 11:06:48 ubuntu.local ticky: ERROR Connection to booty failed (username)
May 27 11:45:40 ubuntu.local ticky: INFO Created ticket [#1234] (username)
May 27 11:45:40 ubuntu.local ticky: INFO Created ticket [#5234] (user)
May 27 11:45:40 ubuntu.local tacky: turkey Created ticket [#1894] (username)
May 27 11:45:40 ubuntu.local ticky: INFO Created ticket [#1234] (name)
May 27 11:45:40 ubuntu.local ticky: INFO Created ticket [#1234] (user)
Jun 1 11:06:48 ubuntu.local ticky: ERROR ah sh, here we go again (username)
Jun 1 11:06:48 ubuntu.local agaef eddy Connection to DB failed (name)
Jun 1 11:06:48 ubuntu.local ticky: ERROR aaaaaaaaaaa (name)
adslkfjalkdjfoiaon
Jun 1 11:06:48 ubuntu.local ticky: ERROR Connection to DB failed (name)
Jun 1 11:06:48 ubuntu.local ticky: ERROR Connection to DB failed (username)
May 27 11:45:40 ubuntu.local ticky: INFO Created ticket [#1234] (username)
May 27 11:45:40 ubuntu.local ticky: INFO Created ticket [#5234] (user)
May 27 11:45:40 ubuntu.local tacky: turkey Created ticket [#1894] (name)
May 27 11:45:40 ubuntu.local ticky: INFO Created ticket [#1234] (name)
May 27 11:45:40 ubuntu.local tricky: INFO Created ticket [#1234] (user)
dfadkslfaldkjfadkfj
Jun 1 11:06:48 ubuntu.local agaef eddy Connection to DB failed (name)
Jun 1 11:06:48 ubuntu.local ticky: ERROR aaaaaaaaaaa (name)
Jun 1 11:06:48 ubuntu.local ticky: ERROR Connection to DB bad (adkfjal)
Jun 1 11:06:48 ubuntu.local ticky: ERROR Connection to DB failed (f)
Jun 1 11:06:48 ubuntu.local ticky: ERROR aaaaaaaaaaa (a)
May 27 11:45:40 ubuntu.local ticky: INFO Created ticket [#1234] (e)
May 27 11:45:40 ubuntu.local ticky: INFO Created ticket [#5234] (d)
May 27 11:45:40 ubuntu.local tacky: turkey Created ticket [#1894] (e)
May 27 11:45:40 ubuntu.local ticky: INFO Created ticket [#1234] (a)